<?xml version="1.0" encoding="UTF-8"?>
<testsuite name="Tests for toUppercase method" tests="7" skipped="0" failures="0" errors="0" timestamp="2026-08-26T01:00:48.011Z" hostname="slave" time="0.937">
  <properties/>
  <testcase name="[1] Input: '&quot;        String name&quot;' =&gt; Expected: '&quot;        String NAME&quot;'" classname="DiagramColumnModifierTest$ToUppercaseTest" time="0.903"/>
  <testcase name="[2] Input: '&quot;        int id PK \&quot;Primary Key\&quot;&quot;' =&gt; Expected: '&quot;        int ID PK \&quot;Primary Key\&quot;&quot;'" classname="DiagramColumnModifierTest$ToUppercaseTest" time="0.009"/>
  <testcase name="[3] Input: '&quot;        boolean     active&quot;' =&gt; Expected: '&quot;        boolean ACTIVE&quot;'" classname="DiagramColumnModifierTest$ToUppercaseTest" time="0.002"/>
  <testcase name="[4] Input: '&quot;    USER {&quot;' =&gt; Expected: '&quot;    USER {&quot;'" classname="DiagramColumnModifierTest$ToUppercaseTest" time="0.003"/>
  <testcase name="[5] Input: '&quot;USER ||--o{ ORDER : places&quot;' =&gt; Expected: '&quot;USER ||--o{ ORDER : places&quot;'" classname="DiagramColumnModifierTest$ToUppercaseTest" time="0.003"/>
  <testcase name="[6] Input: '&quot;         int id&quot;' =&gt; Expected: '&quot;         int id&quot;'" classname="DiagramColumnModifierTest$ToUppercaseTest" time="0.002"/>
  <testcase name="[7] Input: '&quot;&quot;' =&gt; Expected: '&quot;&quot;'" classname="DiagramColumnModifierTest$ToUppercaseTest" time="0.002"/>
  <system-out><![CDATA[]]></system-out>
  <system-err><![CDATA[]]></system-err>
</testsuite>
